# JRE version: Java(TM) SE Runtime Environment (7.0_67-b01) (build 1.7.0_67-b01)
# Java VM: Java HotSpot(TM) Client VM (24.65-b04 mixed mode, sharing windows-x86 )
Heap
 def new generation   total 4928K, used 2866K [0x28e00000, 0x29350000, 0x2e350000)
  eden space 4416K,  64% used [0x28e00000, 0x290cc7d8, 0x29250000)
  from space 512K,   0% used [0x29250000, 0x292501b8, 0x292d0000)
  to   space 512K,   0% used [0x292d0000, 0x292d0000, 0x29350000)
 tenured generation   total 10944K, used 234K [0x2e350000, 0x2ee00000, 0x38e00000)
   the space 10944K,   2% used [0x2e350000, 0x2e38ab58, 0x2e38ac00, 0x2ee00000)
 compacting perm gen  total 12288K, used 407K [0x38e00000, 0x39a00000, 0x3ce00000)
   the space 12288K,   3% used [0x38e00000, 0x38e65d18, 0x38e65e00, 0x39a00000)
    ro space 10240K,  42% used [0x3ce00000, 0x3d234650, 0x3d234800, 0x3d800000)
    rw space 12288K,  52% used [0x3d800000, 0x3de4be40, 0x3de4c000, 0x3e400000)
GC Heap History (4 events):
Event: 182.231 GC heap before
{Heap before GC invocations=0 (full 0):
 def new generation   total 4928K, used 4416K [0x28e00000, 0x29350000, 0x2e350000)
  eden space 4416K, 100% used [0x28e00000, 0x29250000, 0x29250000)
  from space 512K,   0% used [0x29250000, 0x29250000, 0x292d0000)
  to   space 512K,   0% used [0x292d0000, 0x292d0000, 0x29350000)
 tenured generation   total 10944K, used 0K [0x2e350000, 0x2ee00000, 0x38e00000)
   the space 10944K,   0% used [0x2e350000, 0x2e350000, 0x2e350200, 0x2ee00000)
 compacting perm gen  total 12288K, used 407K [0x38e00000, 0x39a00000, 0x3ce00000)
   the space 12288K,   3% used [0x38e00000, 0x38e65d18, 0x38e65e00, 0x39a00000)
    ro space 10240K,  42% used [0x3ce00000, 0x3d234650, 0x3d234800, 0x3d800000)
    rw space 12288K,  52% used [0x3d800000, 0x3de4be40, 0x3de4c000, 0x3e400000)
Event: 182.232 GC heap after
Heap after GC invocations=1 (full 0):
 def new generation   total 4928K, used 364K [0x28e00000, 0x29350000, 0x2e350000)
  eden space 4416K,   0% used [0x28e00000, 0x28e00000, 0x29250000)
  from space 512K,  71% used [0x292d0000, 0x2932b1b8, 0x29350000)
  to   space 512K,   0% used [0x29250000, 0x29250000, 0x292d0000)
 tenured generation   total 10944K, used 0K [0x2e350000, 0x2ee00000, 0x38e00000)
   the space 10944K,   0% used [0x2e350000, 0x2e350000, 0x2e350200, 0x2ee00000)
 compacting perm gen  total 12288K, used 407K [0x38e00000, 0x39a00000, 0x3ce00000)
   the space 12288K,   3% used [0x38e00000, 0x38e65d18, 0x38e65e00, 0x39a00000)
    ro space 10240K,  42% used [0x3ce00000, 0x3d234650, 0x3d234800, 0x3d800000)
    rw space 12288K,  52% used [0x3d800000, 0x3de4be40, 0x3de4c000, 0x3e400000)
}
Event: 243.210 GC heap before
{Heap before GC invocations=1 (full 0):
 def new generation   total 4928K, used 4780K [0x28e00000, 0x29350000, 0x2e350000)
  eden space 4416K, 100% used [0x28e00000, 0x29250000, 0x29250000)
  from space 512K,  71% used [0x292d0000, 0x2932b1b8, 0x29350000)
  to   space 512K,   0% used [0x29250000, 0x29250000, 0x292d0000)
 tenured generation   total 10944K, used 0K [0x2e350000, 0x2ee00000, 0x38e00000)
   the space 10944K,   0% used [0x2e350000, 0x2e350000, 0x2e350200, 0x2ee00000)
 compacting perm gen  total 12288K, used 407K [0x38e00000, 0x39a00000, 0x3ce00000)
   the space 12288K,   3% used [0x38e00000, 0x38e65d18, 0x38e65e00, 0x39a00000)
    ro space 10240K,  42% used [0x3ce00000, 0x3d234650, 0x3d234800, 0x3d800000)
    rw space 12288K,  52% used [0x3d800000, 0x3de4be40, 0x3de4c000, 0x3e400000)
Event: 243.211 GC heap after
Heap after GC invocations=2 (full 0):
 def new generation   total 4928K, used 0K [0x28e00000, 0x29350000, 0x2e350000)
  eden space 4416K,   0% used [0x28e00000, 0x28e00000, 0x29250000)
  from space 512K,   0% used [0x29250000, 0x292501b8, 0x292d0000)
  to   space 512K,   0% used [0x292d0000, 0x292d0000, 0x29350000)
 tenured generation   total 10944K, used 234K [0x2e350000, 0x2ee00000, 0x38e00000)
   the space 10944K,   2% used [0x2e350000, 0x2e38ab58, 0x2e38ac00, 0x2ee00000)
 compacting perm gen  total 12288K, used 407K [0x38e00000, 0x39a00000, 0x3ce00000)
   the space 12288K,   3% used [0x38e00000, 0x38e65d18, 0x38e65e00, 0x39a00000)
    ro space 10240K,  42% used [0x3ce00000, 0x3d234650, 0x3d234800, 0x3d800000)
    rw space 12288K,  52% used [0x3d800000, 0x3de4be40, 0x3de4c000, 0x3e400000)
}

